
--------------------------------------------------
TXLib сообщает:

Программа: C:\Users\zainu\Desktop\курс\Game\Ozhaev Zaynudin Game.exe, файл: C:\Users\zainu\Desktop\курс\TX\TXLib.h, строка: 13388, функция: bool {anonymous}::TX::txBitBlt(HDC, double, double, double, double, HDC, double, double, unsigned int),

Сообщение: Параметр "sourceImage" неверен. Возможно, этот холст не создан, или уже уничтожен, или не загрузилась картинка.

#1: TXLib [Ver: 00173a, Rev: 170, Date: 2021-03-20 16:46:48 +0400], Instance: 0x005072F4 (32-bit), Flags: CMdRe0, Thread: 0x2388 (Main), GetLastError(): 13 (Недопустимые данные). 

--------------------------------------------------
Стек вызовов:

# 0 0x00422B22 in C:\Users\zainu\Desktop\курс\Game\Ozhaev Zaynudin Game.exe: txBitBlt() at C:/Users/zainu/Desktop/курс/TX/TXLib.h (13388)

# 1 0x0042C97A in C:\Users\zainu\Desktop\курс\Game\Ozhaev Zaynudin Game.exe: MoveBall() at C:/Users/zainu/Desktop/курс/Game/Ozhaev Zaynudin Game.cpp (82):

     80:         txClear ();
     81: 
=>   82:         txBitBlt  (txDC(), 0, 50, 0, 0, Fon);
     83: 
     84:         DrowBall(ball1);

# 2 0x0042C01F in C:\Users\zainu\Desktop\курс\Game\Ozhaev Zaynudin Game.exe: main() at C:/Users/zainu/Desktop/курс/Game/Ozhaev Zaynudin Game.cpp (22):

     20:     txCreateWindow (W, H);
     21: 
=>   22:     MoveBall();
     23: 
     24:     return 0;

--------------------------------------------------
Стек вызовов TX:

# 0 in bool {anonymous}::TX::txBitBlt(HDC, double, double, double, double, HDC, double, double, unsigned int) at C:\Users\zainu\Desktop\курс\TX\TXLib.h (13388):

  13386:     {
  13387: $1  if (_TX_HDC_FAILED (destImage))   return false;
=>13388: $   if (_TX_HDC_FAILED (sourceImage)) return false;
  13389: 
  13390: $   POINT size = txGetExtent (sourceImage);

# 1 in void MoveBall() at C:\Users\zainu\Desktop\курс\Game\Ozhaev Zaynudin Game.cpp (82):

     80:         txClear ();
     81: 
=>   82:         txBitBlt  (txDC(), 0, 50, 0, 0, Fon);
     83: 
     84:         DrowBall(ball1);

--------------------------------------------------
Developed with:

The Dumb Artist Library (TX Library)
TXLib [Ver: 00173a, Rev: 170, Date: 2021-03-20 16:46:48 +0400]
Copyright (C) Ded (Ilya Dedinsky, http://txlib.ru) <mail@txlib.ru>
See license on: http://txlib.ru

TXLib file:	C:\Users\zainu\Desktop\курс\TX\TXLib.h
Compiled:	Jun 13 2021 02:19:06, GNU g++ 4.8.1, std=201103L, MinGW Runtime 3.20, 32-bit, DEBUG
Started:	Jun 13 2021 02:19:10

Run file:	C:\Users\zainu\Desktop\курс\Game\Ozhaev Zaynudin Game.exe
Directory:	C:\Users\zainu\Desktop\курс\Game

--------------------------------------------------

--------------------------------------------------
TXLib сообщает:

Программа: C:\Users\zainu\Desktop\курс\Game\Ozhaev Zaynudin Game.exe, файл: C:\Users\zainu\Desktop\курс\TX\TXLib.h, строка: 13388, функция: bool {anonymous}::TX::txBitBlt(HDC, double, double, double, double, HDC, double, double, unsigned int),

Сообщение: Параметр "sourceImage" неверен. Возможно, этот холст не создан, или уже уничтожен, или не загрузилась картинка.

#2: TXLib [Ver: 00173a, Rev: 170, Date: 2021-03-20 16:46:48 +0400], Instance: 0x005072F4 (32-bit), Flags: CMdRe0, Thread: 0x2388 (Main), GetLastError(): 13 (Недопустимые данные). 

--------------------------------------------------
Стек вызовов:

# 0 0x00422B22 in C:\Users\zainu\Desktop\курс\Game\Ozhaev Zaynudin Game.exe: txBitBlt() at C:/Users/zainu/Desktop/курс/TX/TXLib.h (13388)

# 1 0x0042C97A in C:\Users\zainu\Desktop\курс\Game\Ozhaev Zaynudin Game.exe: MoveBall() at C:/Users/zainu/Desktop/курс/Game/Ozhaev Zaynudin Game.cpp (82):

     80:         txClear ();
     81: 
=>   82:         txBitBlt  (txDC(), 0, 50, 0, 0, Fon);
     83: 
     84:         DrowBall(ball1);

# 2 0x0042C01F in C:\Users\zainu\Desktop\курс\Game\Ozhaev Zaynudin Game.exe: main() at C:/Users/zainu/Desktop/курс/Game/Ozhaev Zaynudin Game.cpp (22):

     20:     txCreateWindow (W, H);
     21: 
=>   22:     MoveBall();
     23: 
     24:     return 0;

--------------------------------------------------
Стек вызовов TX:

# 0 in bool {anonymous}::TX::txBitBlt(HDC, double, double, double, double, HDC, double, double, unsigned int) at C:\Users\zainu\Desktop\курс\TX\TXLib.h (13388):

  13386:     {
  13387: $1  if (_TX_HDC_FAILED (destImage))   return false;
=>13388: $   if (_TX_HDC_FAILED (sourceImage)) return false;
  13389: 
  13390: $   POINT size = txGetExtent (sourceImage);

# 1 in void MoveBall() at C:\Users\zainu\Desktop\курс\Game\Ozhaev Zaynudin Game.cpp (82):

     80:         txClear ();
     81: 
=>   82:         txBitBlt  (txDC(), 0, 50, 0, 0, Fon);
     83: 
     84:         DrowBall(ball1);

--------------------------------------------------
Developed with:

The Dumb Artist Library (TX Library)
TXLib [Ver: 00173a, Rev: 170, Date: 2021-03-20 16:46:48 +0400]
Copyright (C) Ded (Ilya Dedinsky, http://txlib.ru) <mail@txlib.ru>
See license on: http://txlib.ru

TXLib file:	C:\Users\zainu\Desktop\курс\TX\TXLib.h
Compiled:	Jun 13 2021 02:19:06, GNU g++ 4.8.1, std=201103L, MinGW Runtime 3.20, 32-bit, DEBUG
Started:	Jun 13 2021 02:19:10

Run file:	C:\Users\zainu\Desktop\курс\Game\Ozhaev Zaynudin Game.exe
Directory:	C:\Users\zainu\Desktop\курс\Game

--------------------------------------------------

--------------------------------------------------
TXLib предупреждает:

Программа: C:\Users\zainu\Desktop\курс\Game\Ozhaev Zaynudin Game.exe,

ВНЕЗАПНО: Недопустимая операция с плавающей точкой.

#1: Исключение EXCEPTION_FLT_INVALID_OPERATION (0xC0000090) при выполнении кода по адресу 0x0042D1D3 в функции CollisionBall() в файле C:/Users/zainu/Desktop/курс/Game/Ozhaev Zaynudin Game.cpp на строке 289. Спасибо _txVectoredExceptionHandler(), что сообщил. Люблю его <3

#1: TXLib [Ver: 00173a, Rev: 170, Date: 2021-03-20 16:46:48 +0400], Instance: 0x005062F4 (32-bit), Flags: CMdRe0, Thread: 0x2A88 (Main). 

--------------------------------------------------
Стек вызовов:

# 0 0x0042D1D3 in C:\Users\zainu\Desktop\курс\Game\Ozhaev Zaynudin Game.exe: CollisionBall() at C:/Users/zainu/Desktop/курс/Game/Ozhaev Zaynudin Game.cpp (289):

    287:         //(*ball_1) .vy = ROUND(Vn1*cos + Vt1*sin); //обратный поворот системы координат шар1
    288:         (*ball_2) .vx = ROUND(Vn2*sin - Vt2*cos); //обратный поворот системы координат шар2
=>  289:         (*ball_2) .vy = ROUND(Vn2*cos + Vt2*sin); //обратный поворот системы координат шар2
    290: 
    291:         (*ball_1) .x = ROUND((*ball_1) .x + (*ball_1) .vx*dt);

# 1 0x0042C7E5 in C:\Users\zainu\Desktop\курс\Game\Ozhaev Zaynudin Game.exe: MoveBall() at C:/Users/zainu/Desktop/курс/Game/Ozhaev Zaynudin Game.cpp (92):

     90:         PhysicsBall(&ball3, dt);
     91: 
=>   92:         CollisionBall(&ball1, &ball3);//проверка столкновения
     93: 
     94:         CollisionBall(&ball2, &ball3);

# 2 0x0042C01F in C:\Users\zainu\Desktop\курс\Game\Ozhaev Zaynudin Game.exe: main() at C:/Users/zainu/Desktop/курс/Game/Ozhaev Zaynudin Game.cpp (23):

     21:     txCreateWindow (W, H);
     22: 
=>   23:     MoveBall();
     24: 
     25:     return 0;

--------------------------------------------------
Стек вызовов TX:

# 0 in void CollisionBall(Ball*, Ball*) at C:\Users\zainu\Desktop\курс\Game\Ozhaev Zaynudin Game.cpp (249):

    247:     if (d < (*ball_1) .r + (*ball_2) .r) //проверка столкновения
    248:         {
=>  249:         txPlaySound ("sounds/Zvuk_Ball.wav");
    250: 
    251:         //++(*score);

--------------------------------------------------
Developed with:

The Dumb Artist Library (TX Library)
TXLib [Ver: 00173a, Rev: 170, Date: 2021-03-20 16:46:48 +0400]
Copyright (C) Ded (Ilya Dedinsky, http://txlib.ru) <mail@txlib.ru>
See license on: http://txlib.ru

TXLib file:	C:\Users\zainu\Desktop\курс\TX\TXLib.h
Compiled:	Jun 19 2021 22:24:25, GNU g++ 4.8.1, std=201103L, MinGW Runtime 3.20, 32-bit, DEBUG
Started:	Jun 19 2021 22:24:29

Run file:	C:\Users\zainu\Desktop\курс\Game\Ozhaev Zaynudin Game.exe
Directory:	C:\Users\zainu\Desktop\курс\Game

--------------------------------------------------

--------------------------------------------------
TXLib соболезнует...

Программа: C:\Users\zainu\Desktop\курс\Game\Ozhaev Zaynudin Game.exe,

ВНЕЗАПНО: signal (8, 0x00): SIGFPE: Грубая ошибка в вычислениях. 

Недопустимая операция с плавающей точкой.

#1: Исключение EXCEPTION_FLT_INVALID_OPERATION (0xC0000090) при выполнении кода по адресу 0x0042D1D3 в функции CollisionBall() в файле C:/Users/zainu/Desktop/курс/Game/Ozhaev Zaynudin Game.cpp на строке 289. Спасибо _txVectoredExceptionHandler(), что сообщил. Люблю его <3

С помощью функции signal() вы можете сами обработать эту ошибку.

#2: TXLib [Ver: 00173a, Rev: 170, Date: 2021-03-20 16:46:48 +0400], Instance: 0x005062F4 (32-bit), Flags: CMdRe0, Thread: 0x2A88 (Main). 

--------------------------------------------------
Стек вызовов:

# 0 0x0042D1D3 in C:\Users\zainu\Desktop\курс\Game\Ozhaev Zaynudin Game.exe: CollisionBall() at C:/Users/zainu/Desktop/курс/Game/Ozhaev Zaynudin Game.cpp (289):

    287:         //(*ball_1) .vy = ROUND(Vn1*cos + Vt1*sin); //обратный поворот системы координат шар1
    288:         (*ball_2) .vx = ROUND(Vn2*sin - Vt2*cos); //обратный поворот системы координат шар2
=>  289:         (*ball_2) .vy = ROUND(Vn2*cos + Vt2*sin); //обратный поворот системы координат шар2
    290: 
    291:         (*ball_1) .x = ROUND((*ball_1) .x + (*ball_1) .vx*dt);

# 1 0x0042C7E5 in C:\Users\zainu\Desktop\курс\Game\Ozhaev Zaynudin Game.exe: MoveBall() at C:/Users/zainu/Desktop/курс/Game/Ozhaev Zaynudin Game.cpp (92):

     90:         PhysicsBall(&ball3, dt);
     91: 
=>   92:         CollisionBall(&ball1, &ball3);//проверка столкновения
     93: 
     94:         CollisionBall(&ball2, &ball3);

# 2 0x0042C01F in C:\Users\zainu\Desktop\курс\Game\Ozhaev Zaynudin Game.exe: main() at C:/Users/zainu/Desktop/курс/Game/Ozhaev Zaynudin Game.cpp (23):

     21:     txCreateWindow (W, H);
     22: 
=>   23:     MoveBall();
     24: 
     25:     return 0;

--------------------------------------------------
Стек вызовов TX:

# 0 in void CollisionBall(Ball*, Ball*) at C:\Users\zainu\Desktop\курс\Game\Ozhaev Zaynudin Game.cpp (249):

    247:     if (d < (*ball_1) .r + (*ball_2) .r) //проверка столкновения
    248:         {
=>  249:         txPlaySound ("sounds/Zvuk_Ball.wav");
    250: 
    251:         //++(*score);

--------------------------------------------------
Developed with:

The Dumb Artist Library (TX Library)
TXLib [Ver: 00173a, Rev: 170, Date: 2021-03-20 16:46:48 +0400]
Copyright (C) Ded (Ilya Dedinsky, http://txlib.ru) <mail@txlib.ru>
See license on: http://txlib.ru

TXLib file:	C:\Users\zainu\Desktop\курс\TX\TXLib.h
Compiled:	Jun 19 2021 22:24:25, GNU g++ 4.8.1, std=201103L, MinGW Runtime 3.20, 32-bit, DEBUG
Started:	Jun 19 2021 22:24:29

Run file:	C:\Users\zainu\Desktop\курс\Game\Ozhaev Zaynudin Game.exe
Directory:	C:\Users\zainu\Desktop\курс\Game

--------------------------------------------------

--------------------------------------------------
TXLib предупреждает:

Программа: C:\Users\zainu\Desktop\курс\Game\Ozhaev Zaynudin Game.exe,

ВНЕЗАПНО: Деление на ноль при операции с плавающей точкой.

#1: Исключение EXCEPTION_FLT_DIVIDE_BY_ZERO (0xC000008E) при выполнении кода по адресу 0x0042CECE в функции CollisionBall() в файле C:/Users/zainu/Desktop/курс/Game/Ozhaev Zaynudin Game.cpp на строке 299. Спасибо _txVectoredExceptionHandler(), что сообщил. Люблю его <3

#1: TXLib [Ver: 00173a, Rev: 170, Date: 2021-03-20 16:46:48 +0400], Instance: 0x005062F4 (32-bit), Flags: CMdRe0, Thread: 0x226C (Main). 

--------------------------------------------------
Стек вызовов:

# 0 0x0042CECE in C:\Users\zainu\Desktop\курс\Game\Ozhaev Zaynudin Game.exe: CollisionBall() at C:/Users/zainu/Desktop/курс/Game/Ozhaev Zaynudin Game.cpp (299):

    297: 		 double Vn1 = (*ball_p).vx*ax + (*ball_p).vy*ay;
    298:          double Vn2 = (*ball_b).vx*ax + (*ball_b).vy*ay;
=>  299: 		 double dt=((*ball_b).r+(*ball_p).r-d)/(Vn1-Vn2);
    300: 
    301: 	                 if (dt>0.6)  dt= 0.6;   // ограничение на dt, чтоб мяч не улетал

# 1 0x0042C7E5 in C:\Users\zainu\Desktop\курс\Game\Ozhaev Zaynudin Game.exe: MoveBall() at C:/Users/zainu/Desktop/курс/Game/Ozhaev Zaynudin Game.cpp (92):

     90:         PhysicsBall(&ball3, dt);
     91: 
=>   92:         CollisionBall(&ball1, &ball3);//проверка столкновения
     93: 
     94:         CollisionBall(&ball2, &ball3);

# 2 0x0042C01F in C:\Users\zainu\Desktop\курс\Game\Ozhaev Zaynudin Game.exe: main() at C:/Users/zainu/Desktop/курс/Game/Ozhaev Zaynudin Game.cpp (23):

     21:     txCreateWindow (W, H);
     22: 
=>   23:     MoveBall();
     24: 
     25:     return 0;

--------------------------------------------------
Стек вызовов TX:

# 0 in void DrowBall(Ball) at C:\Users\zainu\Desktop\курс\Game\Ozhaev Zaynudin Game.cpp (123):

    121:     txSetFillColor (ball .FillColor);
    122: 
=>  123:     txCircle (ball .x, ball .y, ball .r);
    124:     //txLine (ball .x, ball .y, ball .x + ball .vx*5, ball .y + ball .vy*5);
    125:     //txCircle (ball .x + ball .vx*5, ball .y + ball .vy*5, 3);

--------------------------------------------------
Developed with:

The Dumb Artist Library (TX Library)
TXLib [Ver: 00173a, Rev: 170, Date: 2021-03-20 16:46:48 +0400]
Copyright (C) Ded (Ilya Dedinsky, http://txlib.ru) <mail@txlib.ru>
See license on: http://txlib.ru

TXLib file:	C:\Users\zainu\Desktop\курс\TX\TXLib.h
Compiled:	Jun 20 2021 11:53:58, GNU g++ 4.8.1, std=201103L, MinGW Runtime 3.20, 32-bit, DEBUG
Started:	Jun 20 2021 11:54:02

Run file:	C:\Users\zainu\Desktop\курс\Game\Ozhaev Zaynudin Game.exe
Directory:	C:\Users\zainu\Desktop\курс\Game

--------------------------------------------------

--------------------------------------------------
TXLib соболезнует...

Программа: C:\Users\zainu\Desktop\курс\Game\Ozhaev Zaynudin Game.exe,

ВНЕЗАПНО: signal (8, 0x00): SIGFPE: Грубая ошибка в вычислениях. 

Деление на ноль при операции с плавающей точкой.

#1: Исключение EXCEPTION_FLT_DIVIDE_BY_ZERO (0xC000008E) при выполнении кода по адресу 0x0042CECE в функции CollisionBall() в файле C:/Users/zainu/Desktop/курс/Game/Ozhaev Zaynudin Game.cpp на строке 299. Спасибо _txVectoredExceptionHandler(), что сообщил. Люблю его <3

С помощью функции signal() вы можете сами обработать эту ошибку.

#2: TXLib [Ver: 00173a, Rev: 170, Date: 2021-03-20 16:46:48 +0400], Instance: 0x005062F4 (32-bit), Flags: CMdRe0, Thread: 0x226C (Main). 

--------------------------------------------------
Стек вызовов:

# 0 0x0042CECE in C:\Users\zainu\Desktop\курс\Game\Ozhaev Zaynudin Game.exe: CollisionBall() at C:/Users/zainu/Desktop/курс/Game/Ozhaev Zaynudin Game.cpp (299):

    297: 		 double Vn1 = (*ball_p).vx*ax + (*ball_p).vy*ay;
    298:          double Vn2 = (*ball_b).vx*ax + (*ball_b).vy*ay;
=>  299: 		 double dt=((*ball_b).r+(*ball_p).r-d)/(Vn1-Vn2);
    300: 
    301: 	                 if (dt>0.6)  dt= 0.6;   // ограничение на dt, чтоб мяч не улетал

# 1 0x0042C7E5 in C:\Users\zainu\Desktop\курс\Game\Ozhaev Zaynudin Game.exe: MoveBall() at C:/Users/zainu/Desktop/курс/Game/Ozhaev Zaynudin Game.cpp (92):

     90:         PhysicsBall(&ball3, dt);
     91: 
=>   92:         CollisionBall(&ball1, &ball3);//проверка столкновения
     93: 
     94:         CollisionBall(&ball2, &ball3);

# 2 0x0042C01F in C:\Users\zainu\Desktop\курс\Game\Ozhaev Zaynudin Game.exe: main() at C:/Users/zainu/Desktop/курс/Game/Ozhaev Zaynudin Game.cpp (23):

     21:     txCreateWindow (W, H);
     22: 
=>   23:     MoveBall();
     24: 
     25:     return 0;

--------------------------------------------------
Стек вызовов TX:

# 0 in void DrowBall(Ball) at C:\Users\zainu\Desktop\курс\Game\Ozhaev Zaynudin Game.cpp (123):

    121:     txSetFillColor (ball .FillColor);
    122: 
=>  123:     txCircle (ball .x, ball .y, ball .r);
    124:     //txLine (ball .x, ball .y, ball .x + ball .vx*5, ball .y + ball .vy*5);
    125:     //txCircle (ball .x + ball .vx*5, ball .y + ball .vy*5, 3);

--------------------------------------------------
Developed with:

The Dumb Artist Library (TX Library)
TXLib [Ver: 00173a, Rev: 170, Date: 2021-03-20 16:46:48 +0400]
Copyright (C) Ded (Ilya Dedinsky, http://txlib.ru) <mail@txlib.ru>
See license on: http://txlib.ru

TXLib file:	C:\Users\zainu\Desktop\курс\TX\TXLib.h
Compiled:	Jun 20 2021 11:53:58, GNU g++ 4.8.1, std=201103L, MinGW Runtime 3.20, 32-bit, DEBUG
Started:	Jun 20 2021 11:54:02

Run file:	C:\Users\zainu\Desktop\курс\Game\Ozhaev Zaynudin Game.exe
Directory:	C:\Users\zainu\Desktop\курс\Game

--------------------------------------------------

--------------------------------------------------
TXLib предупреждает:

Программа: C:\Users\zainu\Desktop\курс\Game\Ozhaev Zaynudin Game.exe,

ВНЕЗАПНО: Деление на ноль при операции с плавающей точкой.

#1: Исключение EXCEPTION_FLT_DIVIDE_BY_ZERO (0xC000008E) при выполнении кода по адресу 0x0042CECE в функции CollisionBall() в файле C:/Users/zainu/Desktop/курс/Game/Ozhaev Zaynudin Game.cpp на строке 299. Спасибо _txVectoredExceptionHandler(), что сообщил. Люблю его <3

#1: TXLib [Ver: 00173a, Rev: 170, Date: 2021-03-20 16:46:48 +0400], Instance: 0x005062F4 (32-bit), Flags: CMdRe0, Thread: 0x3510 (Main). 

--------------------------------------------------
Стек вызовов:

# 0 0x0042CECE in C:\Users\zainu\Desktop\курс\Game\Ozhaev Zaynudin Game.exe: CollisionBall() at C:/Users/zainu/Desktop/курс/Game/Ozhaev Zaynudin Game.cpp (299):

    297: 		 double Vn1 = (*ball_p).vx*ax + (*ball_p).vy*ay;
    298:          double Vn2 = (*ball_b).vx*ax + (*ball_b).vy*ay;
=>  299: 		 double dt=((*ball_b).r+(*ball_p).r-d)/(Vn1-Vn2);
    300: 
    301: 	                 if (dt>0.6)  dt= 0.6;   // ограничение на dt, чтоб мяч не улетал

# 1 0x0042C7F7 in C:\Users\zainu\Desktop\курс\Game\Ozhaev Zaynudin Game.exe: MoveBall() at C:/Users/zainu/Desktop/курс/Game/Ozhaev Zaynudin Game.cpp (94):

     92:         CollisionBall(&ball1, &ball3);//проверка столкновения
     93: 
=>   94:         CollisionBall(&ball2, &ball3);
     95: 
     96:       /*int bilo_li_ono = bilo_stolknov (x1, y1, x2, y2, r1, r2);

# 2 0x0042C01F in C:\Users\zainu\Desktop\курс\Game\Ozhaev Zaynudin Game.exe: main() at C:/Users/zainu/Desktop/курс/Game/Ozhaev Zaynudin Game.cpp (23):

     21:     txCreateWindow (W, H);
     22: 
=>   23:     MoveBall();
     24: 
     25:     return 0;

--------------------------------------------------
Стек вызовов TX:

# 0 in void DrowBall(Ball) at C:\Users\zainu\Desktop\курс\Game\Ozhaev Zaynudin Game.cpp (123):

    121:     txSetFillColor (ball .FillColor);
    122: 
=>  123:     txCircle (ball .x, ball .y, ball .r);
    124:     //txLine (ball .x, ball .y, ball .x + ball .vx*5, ball .y + ball .vy*5);
    125:     //txCircle (ball .x + ball .vx*5, ball .y + ball .vy*5, 3);

--------------------------------------------------
Developed with:

The Dumb Artist Library (TX Library)
TXLib [Ver: 00173a, Rev: 170, Date: 2021-03-20 16:46:48 +0400]
Copyright (C) Ded (Ilya Dedinsky, http://txlib.ru) <mail@txlib.ru>
See license on: http://txlib.ru

TXLib file:	C:\Users\zainu\Desktop\курс\TX\TXLib.h
Compiled:	Jun 20 2021 11:54:14, GNU g++ 4.8.1, std=201103L, MinGW Runtime 3.20, 32-bit, DEBUG
Started:	Jun 20 2021 11:54:18

Run file:	C:\Users\zainu\Desktop\курс\Game\Ozhaev Zaynudin Game.exe
Directory:	C:\Users\zainu\Desktop\курс\Game

--------------------------------------------------

--------------------------------------------------
TXLib соболезнует...

Программа: C:\Users\zainu\Desktop\курс\Game\Ozhaev Zaynudin Game.exe,

ВНЕЗАПНО: signal (8, 0x00): SIGFPE: Грубая ошибка в вычислениях. 

Деление на ноль при операции с плавающей точкой.

#1: Исключение EXCEPTION_FLT_DIVIDE_BY_ZERO (0xC000008E) при выполнении кода по адресу 0x0042CECE в функции CollisionBall() в файле C:/Users/zainu/Desktop/курс/Game/Ozhaev Zaynudin Game.cpp на строке 299. Спасибо _txVectoredExceptionHandler(), что сообщил. Люблю его <3

С помощью функции signal() вы можете сами обработать эту ошибку.

#2: TXLib [Ver: 00173a, Rev: 170, Date: 2021-03-20 16:46:48 +0400], Instance: 0x005062F4 (32-bit), Flags: CMdRe0, Thread: 0x3510 (Main). 

--------------------------------------------------
Стек вызовов:

# 0 0x0042CECE in C:\Users\zainu\Desktop\курс\Game\Ozhaev Zaynudin Game.exe: CollisionBall() at C:/Users/zainu/Desktop/курс/Game/Ozhaev Zaynudin Game.cpp (299):

    297: 		 double Vn1 = (*ball_p).vx*ax + (*ball_p).vy*ay;
    298:          double Vn2 = (*ball_b).vx*ax + (*ball_b).vy*ay;
=>  299: 		 double dt=((*ball_b).r+(*ball_p).r-d)/(Vn1-Vn2);
    300: 
    301: 	                 if (dt>0.6)  dt= 0.6;   // ограничение на dt, чтоб мяч не улетал

# 1 0x0042C7F7 in C:\Users\zainu\Desktop\курс\Game\Ozhaev Zaynudin Game.exe: MoveBall() at C:/Users/zainu/Desktop/курс/Game/Ozhaev Zaynudin Game.cpp (94):

     92:         CollisionBall(&ball1, &ball3);//проверка столкновения
     93: 
=>   94:         CollisionBall(&ball2, &ball3);
     95: 
     96:       /*int bilo_li_ono = bilo_stolknov (x1, y1, x2, y2, r1, r2);

# 2 0x0042C01F in C:\Users\zainu\Desktop\курс\Game\Ozhaev Zaynudin Game.exe: main() at C:/Users/zainu/Desktop/курс/Game/Ozhaev Zaynudin Game.cpp (23):

     21:     txCreateWindow (W, H);
     22: 
=>   23:     MoveBall();
     24: 
     25:     return 0;

--------------------------------------------------
Стек вызовов TX:

# 0 in void DrowBall(Ball) at C:\Users\zainu\Desktop\курс\Game\Ozhaev Zaynudin Game.cpp (123):

    121:     txSetFillColor (ball .FillColor);
    122: 
=>  123:     txCircle (ball .x, ball .y, ball .r);
    124:     //txLine (ball .x, ball .y, ball .x + ball .vx*5, ball .y + ball .vy*5);
    125:     //txCircle (ball .x + ball .vx*5, ball .y + ball .vy*5, 3);

--------------------------------------------------
Developed with:

The Dumb Artist Library (TX Library)
TXLib [Ver: 00173a, Rev: 170, Date: 2021-03-20 16:46:48 +0400]
Copyright (C) Ded (Ilya Dedinsky, http://txlib.ru) <mail@txlib.ru>
See license on: http://txlib.ru

TXLib file:	C:\Users\zainu\Desktop\курс\TX\TXLib.h
Compiled:	Jun 20 2021 11:54:14, GNU g++ 4.8.1, std=201103L, MinGW Runtime 3.20, 32-bit, DEBUG
Started:	Jun 20 2021 11:54:17

Run file:	C:\Users\zainu\Desktop\курс\Game\Ozhaev Zaynudin Game.exe
Directory:	C:\Users\zainu\Desktop\курс\Game

--------------------------------------------------

--------------------------------------------------
TXLib предупреждает:

Программа: C:\Users\zainu\Desktop\курс\Game\Ozhaev Zaynudin Game.exe,

ВНЕЗАПНО: Недопустимая операция с плавающей точкой.

#1: Исключение EXCEPTION_FLT_INVALID_OPERATION (0xC0000090) при выполнении кода по адресу 0x0042CF8B в функции CollisionBall() в файле C:/Users/zainu/Desktop/курс/Game/Ozhaev Zaynudin Game.cpp на строке 236. Спасибо _txVectoredExceptionHandler(), что сообщил. Люблю его <3

#1: TXLib [Ver: 00173a, Rev: 170, Date: 2021-03-20 16:46:48 +0400], Instance: 0x005062F4 (32-bit), Flags: CMdRe0, Thread: 0x25D0 (Main). 

--------------------------------------------------
Стек вызовов:

# 0 0x0042CF8B in C:\Users\zainu\Desktop\курс\Game\Ozhaev Zaynudin Game.exe: CollisionBall() at C:/Users/zainu/Desktop/курс/Game/Ozhaev Zaynudin Game.cpp (236):

    234:         //if (dt < -0.6) dt = -0.6;
    235: 
=>  236:         (*ball_p) .x = ROUND((*ball_p) .x - (*ball_p) .vx*dt);
    237:         (*ball_p) .y = ROUND((*ball_p) .y - (*ball_p) .vy*dt);
    238:         (*ball_b) .x = ROUND((*ball_b) .x - (*ball_b) .vx*dt);

# 1 0x0042C7D9 in C:\Users\zainu\Desktop\курс\Game\Ozhaev Zaynudin Game.exe: MoveBall() at C:/Users/zainu/Desktop/курс/Game/Ozhaev Zaynudin Game.cpp (97):

     95: 
     96:         CollisionBall(&ball1, &ball3);//проверка столкновения
=>   97:         CollisionBall(&ball2, &ball3);
     98: 
     99:         plaer1 .Control(&ball1, &F4_Col, dt);

# 2 0x0042C01F in C:\Users\zainu\Desktop\курс\Game\Ozhaev Zaynudin Game.exe: main() at C:/Users/zainu/Desktop/курс/Game/Ozhaev Zaynudin Game.cpp (22):

     20:     txCreateWindow (W, H);
     21: 
=>   22:     MoveBall();
     23: 
     24:     return 0;

--------------------------------------------------
Стек вызовов TX:

# 0 in void CollisionBall(Ball*, Ball*) at C:\Users\zainu\Desktop\курс\Game\Ozhaev Zaynudin Game.cpp (224):

    222:     if (d < (*ball_p) .r + (*ball_b) .r) //проверка столкновения
    223:         {
=>  224:         txPlaySound ("sounds/Zvuk_Ball.wav");
    225: 
    226:         double Vn1 = (*ball_p) .vx*sin + (*ball_p) .vy*cos; //поворот системы координат шар1

--------------------------------------------------
Developed with:

The Dumb Artist Library (TX Library)
TXLib [Ver: 00173a, Rev: 170, Date: 2021-03-20 16:46:48 +0400]
Copyright (C) Ded (Ilya Dedinsky, http://txlib.ru) <mail@txlib.ru>
See license on: http://txlib.ru

TXLib file:	C:\Users\zainu\Desktop\курс\TX\TXLib.h
Compiled:	Jun 20 2021 13:43:53, GNU g++ 4.8.1, std=201103L, MinGW Runtime 3.20, 32-bit, DEBUG
Started:	Jun 20 2021 13:43:57

Run file:	C:\Users\zainu\Desktop\курс\Game\Ozhaev Zaynudin Game.exe
Directory:	C:\Users\zainu\Desktop\курс\Game

--------------------------------------------------

--------------------------------------------------
TXLib соболезнует...

Программа: C:\Users\zainu\Desktop\курс\Game\Ozhaev Zaynudin Game.exe,

ВНЕЗАПНО: signal (8, 0x00): SIGFPE: Грубая ошибка в вычислениях. 

Недопустимая операция с плавающей точкой.

#1: Исключение EXCEPTION_FLT_INVALID_OPERATION (0xC0000090) при выполнении кода по адресу 0x0042CF8B в функции CollisionBall() в файле C:/Users/zainu/Desktop/курс/Game/Ozhaev Zaynudin Game.cpp на строке 236. Спасибо _txVectoredExceptionHandler(), что сообщил. Люблю его <3

С помощью функции signal() вы можете сами обработать эту ошибку.

#2: TXLib [Ver: 00173a, Rev: 170, Date: 2021-03-20 16:46:48 +0400], Instance: 0x005062F4 (32-bit), Flags: CMdRe0, Thread: 0x25D0 (Main). 

--------------------------------------------------
Стек вызовов:

# 0 0x0042CF8B in C:\Users\zainu\Desktop\курс\Game\Ozhaev Zaynudin Game.exe: CollisionBall() at C:/Users/zainu/Desktop/курс/Game/Ozhaev Zaynudin Game.cpp (236):

    234:         //if (dt < -0.6) dt = -0.6;
    235: 
=>  236:         (*ball_p) .x = ROUND((*ball_p) .x - (*ball_p) .vx*dt);
    237:         (*ball_p) .y = ROUND((*ball_p) .y - (*ball_p) .vy*dt);
    238:         (*ball_b) .x = ROUND((*ball_b) .x - (*ball_b) .vx*dt);

# 1 0x0042C7D9 in C:\Users\zainu\Desktop\курс\Game\Ozhaev Zaynudin Game.exe: MoveBall() at C:/Users/zainu/Desktop/курс/Game/Ozhaev Zaynudin Game.cpp (97):

     95: 
     96:         CollisionBall(&ball1, &ball3);//проверка столкновения
=>   97:         CollisionBall(&ball2, &ball3);
     98: 
     99:         plaer1 .Control(&ball1, &F4_Col, dt);

# 2 0x0042C01F in C:\Users\zainu\Desktop\курс\Game\Ozhaev Zaynudin Game.exe: main() at C:/Users/zainu/Desktop/курс/Game/Ozhaev Zaynudin Game.cpp (22):

     20:     txCreateWindow (W, H);
     21: 
=>   22:     MoveBall();
     23: 
     24:     return 0;

--------------------------------------------------
Стек вызовов TX:

# 0 in void CollisionBall(Ball*, Ball*) at C:\Users\zainu\Desktop\курс\Game\Ozhaev Zaynudin Game.cpp (224):

    222:     if (d < (*ball_p) .r + (*ball_b) .r) //проверка столкновения
    223:         {
=>  224:         txPlaySound ("sounds/Zvuk_Ball.wav");
    225: 
    226:         double Vn1 = (*ball_p) .vx*sin + (*ball_p) .vy*cos; //поворот системы координат шар1

--------------------------------------------------
Developed with:

The Dumb Artist Library (TX Library)
TXLib [Ver: 00173a, Rev: 170, Date: 2021-03-20 16:46:48 +0400]
Copyright (C) Ded (Ilya Dedinsky, http://txlib.ru) <mail@txlib.ru>
See license on: http://txlib.ru

TXLib file:	C:\Users\zainu\Desktop\курс\TX\TXLib.h
Compiled:	Jun 20 2021 13:43:53, GNU g++ 4.8.1, std=201103L, MinGW Runtime 3.20, 32-bit, DEBUG
Started:	Jun 20 2021 13:43:57

Run file:	C:\Users\zainu\Desktop\курс\Game\Ozhaev Zaynudin Game.exe
Directory:	C:\Users\zainu\Desktop\курс\Game

--------------------------------------------------

--------------------------------------------------
TXLib сообщает:

Программа: C:\Users\zainu\Desktop\курс\Game\Ozhaev Zaynudin Game.exe, файл: C:\Users\zainu\Desktop\курс\TX\TXLib.h, строка: 13388, функция: bool {anonymous}::TX::txBitBlt(HDC, double, double, double, double, HDC, double, double, unsigned int),

Сообщение: Параметр "sourceImage" неверен. Возможно, этот холст не создан, или уже уничтожен, или не загрузилась картинка.

#1: TXLib [Ver: 00173a, Rev: 170, Date: 2021-03-20 16:46:48 +0400], Instance: 0x005072F4 (32-bit), Flags: CMdRe0, Thread: 0x56CC (Main), GetLastError(): 13 (Недопустимые данные). 

--------------------------------------------------
Стек вызовов:

# 0 0x00422B22 in C:\Users\zainu\Desktop\курс\Game\Ozhaev Zaynudin Game.exe: txBitBlt() at C:/Users/zainu/Desktop/курс/TX/TXLib.h (13388)

# 1 0x0042C7B3 in C:\Users\zainu\Desktop\курс\Game\Ozhaev Zaynudin Game.exe: MoveBall() at C:/Users/zainu/Desktop/курс/Game/Ozhaev Zaynudin Game.cpp (86):

     84:         txClear();
     85: 
=>   86:         txBitBlt (txDC(), 0, 50, 0, 0, Map2);
     87: 
     88:         txBitBlt (txDC(), 0, 50, 0, 0, Fon);

# 2 0x0042C01F in C:\Users\zainu\Desktop\курс\Game\Ozhaev Zaynudin Game.exe: main() at C:/Users/zainu/Desktop/курс/Game/Ozhaev Zaynudin Game.cpp (17):

     15:     txCreateWindow (W, H);
     16: 
=>   17:     MoveBall();
     18: 
     19:     return 0;

--------------------------------------------------
Стек вызовов TX:

# 0 in bool {anonymous}::TX::txBitBlt(HDC, double, double, double, double, HDC, double, double, unsigned int) at C:\Users\zainu\Desktop\курс\TX\TXLib.h (13388):

  13386:     {
  13387: $1  if (_TX_HDC_FAILED (destImage))   return false;
=>13388: $   if (_TX_HDC_FAILED (sourceImage)) return false;
  13389: 
  13390: $   POINT size = txGetExtent (sourceImage);

# 1 in void MoveBall() at C:\Users\zainu\Desktop\курс\Game\Ozhaev Zaynudin Game.cpp (86):

     84:         txClear();
     85: 
=>   86:         txBitBlt (txDC(), 0, 50, 0, 0, Map2);
     87: 
     88:         txBitBlt (txDC(), 0, 50, 0, 0, Fon);

--------------------------------------------------
Developed with:

The Dumb Artist Library (TX Library)
TXLib [Ver: 00173a, Rev: 170, Date: 2021-03-20 16:46:48 +0400]
Copyright (C) Ded (Ilya Dedinsky, http://txlib.ru) <mail@txlib.ru>
See license on: http://txlib.ru

TXLib file:	C:\Users\zainu\Desktop\курс\TX\TXLib.h
Compiled:	Jun 27 2021 11:29:39, GNU g++ 4.8.1, std=201103L, MinGW Runtime 3.20, 32-bit, DEBUG
Started:	Jun 27 2021 11:29:43

Run file:	C:\Users\zainu\Desktop\курс\Game\Ozhaev Zaynudin Game.exe
Directory:	C:\Users\zainu\Desktop\курс\Game

--------------------------------------------------

--------------------------------------------------
TXLib сообщает:

Программа: C:\Users\zainu\Desktop\курс\Game\Ozhaev Zaynudin Game.exe, файл: C:\Users\zainu\Desktop\курс\TX\TXLib.h, строка: 13388, функция: bool {anonymous}::TX::txBitBlt(HDC, double, double, double, double, HDC, double, double, unsigned int),

Сообщение: Параметр "sourceImage" неверен. Возможно, этот холст не создан, или уже уничтожен, или не загрузилась картинка.

#2: TXLib [Ver: 00173a, Rev: 170, Date: 2021-03-20 16:46:48 +0400], Instance: 0x005072F4 (32-bit), Flags: CMdRe0, Thread: 0x56CC (Main), GetLastError(): 13 (Недопустимые данные). 

--------------------------------------------------
Стек вызовов:

# 0 0x00422B22 in C:\Users\zainu\Desktop\курс\Game\Ozhaev Zaynudin Game.exe: txBitBlt() at C:/Users/zainu/Desktop/курс/TX/TXLib.h (13388)

# 1 0x0042C7B3 in C:\Users\zainu\Desktop\курс\Game\Ozhaev Zaynudin Game.exe: MoveBall() at C:/Users/zainu/Desktop/курс/Game/Ozhaev Zaynudin Game.cpp (86):

     84:         txClear();
     85: 
=>   86:         txBitBlt (txDC(), 0, 50, 0, 0, Map2);
     87: 
     88:         txBitBlt (txDC(), 0, 50, 0, 0, Fon);

# 2 0x0042C01F in C:\Users\zainu\Desktop\курс\Game\Ozhaev Zaynudin Game.exe: main() at C:/Users/zainu/Desktop/курс/Game/Ozhaev Zaynudin Game.cpp (17):

     15:     txCreateWindow (W, H);
     16: 
=>   17:     MoveBall();
     18: 
     19:     return 0;

--------------------------------------------------
Стек вызовов TX:

# 0 in bool {anonymous}::TX::txBitBlt(HDC, double, double, double, double, HDC, double, double, unsigned int) at C:\Users\zainu\Desktop\курс\TX\TXLib.h (13388):

  13386:     {
  13387: $1  if (_TX_HDC_FAILED (destImage))   return false;
=>13388: $   if (_TX_HDC_FAILED (sourceImage)) return false;
  13389: 
  13390: $   POINT size = txGetExtent (sourceImage);

# 1 in void MoveBall() at C:\Users\zainu\Desktop\курс\Game\Ozhaev Zaynudin Game.cpp (86):

     84:         txClear();
     85: 
=>   86:         txBitBlt (txDC(), 0, 50, 0, 0, Map2);
     87: 
     88:         txBitBlt (txDC(), 0, 50, 0, 0, Fon);

--------------------------------------------------
Developed with:

The Dumb Artist Library (TX Library)
TXLib [Ver: 00173a, Rev: 170, Date: 2021-03-20 16:46:48 +0400]
Copyright (C) Ded (Ilya Dedinsky, http://txlib.ru) <mail@txlib.ru>
See license on: http://txlib.ru

TXLib file:	C:\Users\zainu\Desktop\курс\TX\TXLib.h
Compiled:	Jun 27 2021 11:29:39, GNU g++ 4.8.1, std=201103L, MinGW Runtime 3.20, 32-bit, DEBUG
Started:	Jun 27 2021 11:29:43

Run file:	C:\Users\zainu\Desktop\курс\Game\Ozhaev Zaynudin Game.exe
Directory:	C:\Users\zainu\Desktop\курс\Game

--------------------------------------------------

--------------------------------------------------
TXLib сообщает:

Программа: C:\Users\zainu\Desktop\курс\Game\Ozhaev Zaynudin Game.exe, файл: C:\Users\zainu\Desktop\курс\TX\TXLib.h, строка: 13388, функция: bool {anonymous}::TX::txBitBlt(HDC, double, double, double, double, HDC, double, double, unsigned int),

Сообщение: Параметр "sourceImage" неверен. Возможно, этот холст не создан, или уже уничтожен, или не загрузилась картинка.

#3: TXLib [Ver: 00173a, Rev: 170, Date: 2021-03-20 16:46:48 +0400], Instance: 0x005072F4 (32-bit), Flags: CMdRe0, Thread: 0x56CC (Main), GetLastError(): 13 (Недопустимые данные). 

--------------------------------------------------
Стек вызовов:

# 0 0x00422B22 in C:\Users\zainu\Desktop\курс\Game\Ozhaev Zaynudin Game.exe: txBitBlt() at C:/Users/zainu/Desktop/курс/TX/TXLib.h (13388)

# 1 0x0042C7B3 in C:\Users\zainu\Desktop\курс\Game\Ozhaev Zaynudin Game.exe: MoveBall() at C:/Users/zainu/Desktop/курс/Game/Ozhaev Zaynudin Game.cpp (86):

     84:         txClear();
     85: 
=>   86:         txBitBlt (txDC(), 0, 50, 0, 0, Map2);
     87: 
     88:         txBitBlt (txDC(), 0, 50, 0, 0, Fon);

# 2 0x0042C01F in C:\Users\zainu\Desktop\курс\Game\Ozhaev Zaynudin Game.exe: main() at C:/Users/zainu/Desktop/курс/Game/Ozhaev Zaynudin Game.cpp (17):

     15:     txCreateWindow (W, H);
     16: 
=>   17:     MoveBall();
     18: 
     19:     return 0;

--------------------------------------------------
Стек вызовов TX:

# 0 in bool {anonymous}::TX::txBitBlt(HDC, double, double, double, double, HDC, double, double, unsigned int) at C:\Users\zainu\Desktop\курс\TX\TXLib.h (13388):

  13386:     {
  13387: $1  if (_TX_HDC_FAILED (destImage))   return false;
=>13388: $   if (_TX_HDC_FAILED (sourceImage)) return false;
  13389: 
  13390: $   POINT size = txGetExtent (sourceImage);

# 1 in void MoveBall() at C:\Users\zainu\Desktop\курс\Game\Ozhaev Zaynudin Game.cpp (86):

     84:         txClear();
     85: 
=>   86:         txBitBlt (txDC(), 0, 50, 0, 0, Map2);
     87: 
     88:         txBitBlt (txDC(), 0, 50, 0, 0, Fon);

--------------------------------------------------
Developed with:

The Dumb Artist Library (TX Library)
TXLib [Ver: 00173a, Rev: 170, Date: 2021-03-20 16:46:48 +0400]
Copyright (C) Ded (Ilya Dedinsky, http://txlib.ru) <mail@txlib.ru>
See license on: http://txlib.ru

TXLib file:	C:\Users\zainu\Desktop\курс\TX\TXLib.h
Compiled:	Jun 27 2021 11:29:39, GNU g++ 4.8.1, std=201103L, MinGW Runtime 3.20, 32-bit, DEBUG
Started:	Jun 27 2021 11:29:43

Run file:	C:\Users\zainu\Desktop\курс\Game\Ozhaev Zaynudin Game.exe
Directory:	C:\Users\zainu\Desktop\курс\Game

--------------------------------------------------

--------------------------------------------------
TXLib сообщает:

Программа: C:\Users\zainu\Desktop\курс\Game\Ozhaev Zaynudin Game.exe, файл: C:\Users\zainu\Desktop\курс\TX\TXLib.h, строка: 13388, функция: bool {anonymous}::TX::txBitBlt(HDC, double, double, double, double, HDC, double, double, unsigned int),

Сообщение: Параметр "sourceImage" неверен. Возможно, этот холст не создан, или уже уничтожен, или не загрузилась картинка.

#4: TXLib [Ver: 00173a, Rev: 170, Date: 2021-03-20 16:46:48 +0400], Instance: 0x005072F4 (32-bit), Flags: CMdRe0, Thread: 0x56CC (Main), GetLastError(): 13 (Недопустимые данные). 

--------------------------------------------------
Стек вызовов:

# 0 0x00422B22 in C:\Users\zainu\Desktop\курс\Game\Ozhaev Zaynudin Game.exe: txBitBlt() at C:/Users/zainu/Desktop/курс/TX/TXLib.h (13388)

# 1 0x0042C7B3 in C:\Users\zainu\Desktop\курс\Game\Ozhaev Zaynudin Game.exe: MoveBall() at C:/Users/zainu/Desktop/курс/Game/Ozhaev Zaynudin Game.cpp (86):

     84:         txClear();
     85: 
=>   86:         txBitBlt (txDC(), 0, 50, 0, 0, Map2);
     87: 
     88:         txBitBlt (txDC(), 0, 50, 0, 0, Fon);

# 2 0x0042C01F in C:\Users\zainu\Desktop\курс\Game\Ozhaev Zaynudin Game.exe: main() at C:/Users/zainu/Desktop/курс/Game/Ozhaev Zaynudin Game.cpp (17):

     15:     txCreateWindow (W, H);
     16: 
=>   17:     MoveBall();
     18: 
     19:     return 0;

--------------------------------------------------
Стек вызовов TX:

# 0 in bool {anonymous}::TX::txBitBlt(HDC, double, double, double, double, HDC, double, double, unsigned int) at C:\Users\zainu\Desktop\курс\TX\TXLib.h (13388):

  13386:     {
  13387: $1  if (_TX_HDC_FAILED (destImage))   return false;
=>13388: $   if (_TX_HDC_FAILED (sourceImage)) return false;
  13389: 
  13390: $   POINT size = txGetExtent (sourceImage);

# 1 in void MoveBall() at C:\Users\zainu\Desktop\курс\Game\Ozhaev Zaynudin Game.cpp (86):

     84:         txClear();
     85: 
=>   86:         txBitBlt (txDC(), 0, 50, 0, 0, Map2);
     87: 
     88:         txBitBlt (txDC(), 0, 50, 0, 0, Fon);

--------------------------------------------------
Developed with:

The Dumb Artist Library (TX Library)
TXLib [Ver: 00173a, Rev: 170, Date: 2021-03-20 16:46:48 +0400]
Copyright (C) Ded (Ilya Dedinsky, http://txlib.ru) <mail@txlib.ru>
See license on: http://txlib.ru

TXLib file:	C:\Users\zainu\Desktop\курс\TX\TXLib.h
Compiled:	Jun 27 2021 11:29:39, GNU g++ 4.8.1, std=201103L, MinGW Runtime 3.20, 32-bit, DEBUG
Started:	Jun 27 2021 11:29:43

Run file:	C:\Users\zainu\Desktop\курс\Game\Ozhaev Zaynudin Game.exe
Directory:	C:\Users\zainu\Desktop\курс\Game

--------------------------------------------------

--------------------------------------------------
TXLib сообщает:

Программа: C:\Users\zainu\Desktop\курс\Game\Ozhaev Zaynudin Game.exe, файл: C:\Users\zainu\Desktop\курс\TX\TXLib.h, строка: 13388, функция: bool {anonymous}::TX::txBitBlt(HDC, double, double, double, double, HDC, double, double, unsigned int),

Сообщение: Параметр "sourceImage" неверен. Возможно, этот холст не создан, или уже уничтожен, или не загрузилась картинка.

#5: TXLib [Ver: 00173a, Rev: 170, Date: 2021-03-20 16:46:48 +0400], Instance: 0x005072F4 (32-bit), Flags: CMdRe0, Thread: 0x56CC (Main), GetLastError(): 13 (Недопустимые данные). 

--------------------------------------------------
Стек вызовов:

# 0 0x00422B22 in C:\Users\zainu\Desktop\курс\Game\Ozhaev Zaynudin Game.exe: txBitBlt() at C:/Users/zainu/Desktop/курс/TX/TXLib.h (13388)

# 1 0x0042C7B3 in C:\Users\zainu\Desktop\курс\Game\Ozhaev Zaynudin Game.exe: MoveBall() at C:/Users/zainu/Desktop/курс/Game/Ozhaev Zaynudin Game.cpp (86):

     84:         txClear();
     85: 
=>   86:         txBitBlt (txDC(), 0, 50, 0, 0, Map2);
     87: 
     88:         txBitBlt (txDC(), 0, 50, 0, 0, Fon);

# 2 0x0042C01F in C:\Users\zainu\Desktop\курс\Game\Ozhaev Zaynudin Game.exe: main() at C:/Users/zainu/Desktop/курс/Game/Ozhaev Zaynudin Game.cpp (17):

     15:     txCreateWindow (W, H);
     16: 
=>   17:     MoveBall();
     18: 
     19:     return 0;

--------------------------------------------------
Стек вызовов TX:

# 0 in bool {anonymous}::TX::txBitBlt(HDC, double, double, double, double, HDC, double, double, unsigned int) at C:\Users\zainu\Desktop\курс\TX\TXLib.h (13388):

  13386:     {
  13387: $1  if (_TX_HDC_FAILED (destImage))   return false;
=>13388: $   if (_TX_HDC_FAILED (sourceImage)) return false;
  13389: 
  13390: $   POINT size = txGetExtent (sourceImage);

# 1 in void MoveBall() at C:\Users\zainu\Desktop\курс\Game\Ozhaev Zaynudin Game.cpp (86):

     84:         txClear();
     85: 
=>   86:         txBitBlt (txDC(), 0, 50, 0, 0, Map2);
     87: 
     88:         txBitBlt (txDC(), 0, 50, 0, 0, Fon);

--------------------------------------------------
Developed with:

The Dumb Artist Library (TX Library)
TXLib [Ver: 00173a, Rev: 170, Date: 2021-03-20 16:46:48 +0400]
Copyright (C) Ded (Ilya Dedinsky, http://txlib.ru) <mail@txlib.ru>
See license on: http://txlib.ru

TXLib file:	C:\Users\zainu\Desktop\курс\TX\TXLib.h
Compiled:	Jun 27 2021 11:29:39, GNU g++ 4.8.1, std=201103L, MinGW Runtime 3.20, 32-bit, DEBUG
Started:	Jun 27 2021 11:29:43

Run file:	C:\Users\zainu\Desktop\курс\Game\Ozhaev Zaynudin Game.exe
Directory:	C:\Users\zainu\Desktop\курс\Game

--------------------------------------------------

--------------------------------------------------
TXLib сообщает:

Программа: C:\Users\zainu\Desktop\курс\Game\Ozhaev Zaynudin Game.exe, файл: C:\Users\zainu\Desktop\курс\TX\TXLib.h, строка: 13388, функция: bool {anonymous}::TX::txBitBlt(HDC, double, double, double, double, HDC, double, double, unsigned int),

Сообщение: Параметр "sourceImage" неверен. Возможно, этот холст не создан, или уже уничтожен, или не загрузилась картинка.

#6: TXLib [Ver: 00173a, Rev: 170, Date: 2021-03-20 16:46:48 +0400], Instance: 0x005072F4 (32-bit), Flags: CMdRe0, Thread: 0x56CC (Main), GetLastError(): 13 (Недопустимые данные). 

--------------------------------------------------
Стек вызовов:

# 0 0x00422B22 in C:\Users\zainu\Desktop\курс\Game\Ozhaev Zaynudin Game.exe: txBitBlt() at C:/Users/zainu/Desktop/курс/TX/TXLib.h (13388)

# 1 0x0042C7B3 in C:\Users\zainu\Desktop\курс\Game\Ozhaev Zaynudin Game.exe: MoveBall() at C:/Users/zainu/Desktop/курс/Game/Ozhaev Zaynudin Game.cpp (86):

     84:         txClear();
     85: 
=>   86:         txBitBlt (txDC(), 0, 50, 0, 0, Map2);
     87: 
     88:         txBitBlt (txDC(), 0, 50, 0, 0, Fon);

# 2 0x0042C01F in C:\Users\zainu\Desktop\курс\Game\Ozhaev Zaynudin Game.exe: main() at C:/Users/zainu/Desktop/курс/Game/Ozhaev Zaynudin Game.cpp (17):

     15:     txCreateWindow (W, H);
     16: 
=>   17:     MoveBall();
     18: 
     19:     return 0;

--------------------------------------------------
Стек вызовов TX:

# 0 in bool {anonymous}::TX::txBitBlt(HDC, double, double, double, double, HDC, double, double, unsigned int) at C:\Users\zainu\Desktop\курс\TX\TXLib.h (13388):

  13386:     {
  13387: $1  if (_TX_HDC_FAILED (destImage))   return false;
=>13388: $   if (_TX_HDC_FAILED (sourceImage)) return false;
  13389: 
  13390: $   POINT size = txGetExtent (sourceImage);

# 1 in void MoveBall() at C:\Users\zainu\Desktop\курс\Game\Ozhaev Zaynudin Game.cpp (86):

     84:         txClear();
     85: 
=>   86:         txBitBlt (txDC(), 0, 50, 0, 0, Map2);
     87: 
     88:         txBitBlt (txDC(), 0, 50, 0, 0, Fon);

--------------------------------------------------
Developed with:

The Dumb Artist Library (TX Library)
TXLib [Ver: 00173a, Rev: 170, Date: 2021-03-20 16:46:48 +0400]
Copyright (C) Ded (Ilya Dedinsky, http://txlib.ru) <mail@txlib.ru>
See license on: http://txlib.ru

TXLib file:	C:\Users\zainu\Desktop\курс\TX\TXLib.h
Compiled:	Jun 27 2021 11:29:39, GNU g++ 4.8.1, std=201103L, MinGW Runtime 3.20, 32-bit, DEBUG
Started:	Jun 27 2021 11:29:43

Run file:	C:\Users\zainu\Desktop\курс\Game\Ozhaev Zaynudin Game.exe
Directory:	C:\Users\zainu\Desktop\курс\Game

--------------------------------------------------

--------------------------------------------------
TXLib сообщает:

Программа: C:\Users\zainu\Desktop\курс\Game\Ozhaev Zaynudin Game.exe, файл: C:\Users\zainu\Desktop\курс\TX\TXLib.h, строка: 13388, функция: bool {anonymous}::TX::txBitBlt(HDC, double, double, double, double, HDC, double, double, unsigned int),

Сообщение: Параметр "sourceImage" неверен. Возможно, этот холст не создан, или уже уничтожен, или не загрузилась картинка.

#7: TXLib [Ver: 00173a, Rev: 170, Date: 2021-03-20 16:46:48 +0400], Instance: 0x005072F4 (32-bit), Flags: CMdRe0, Thread: 0x56CC (Main), GetLastError(): 13 (Недопустимые данные). 

--------------------------------------------------
Стек вызовов:

# 0 0x00422B22 in C:\Users\zainu\Desktop\курс\Game\Ozhaev Zaynudin Game.exe: txBitBlt() at C:/Users/zainu/Desktop/курс/TX/TXLib.h (13388)

# 1 0x0042C7B3 in C:\Users\zainu\Desktop\курс\Game\Ozhaev Zaynudin Game.exe: MoveBall() at C:/Users/zainu/Desktop/курс/Game/Ozhaev Zaynudin Game.cpp (86):

     84:         txClear();
     85: 
=>   86:         txBitBlt (txDC(), 0, 50, 0, 0, Map2);
     87: 
     88:         txBitBlt (txDC(), 0, 50, 0, 0, Fon);

# 2 0x0042C01F in C:\Users\zainu\Desktop\курс\Game\Ozhaev Zaynudin Game.exe: main() at C:/Users/zainu/Desktop/курс/Game/Ozhaev Zaynudin Game.cpp (17):

     15:     txCreateWindow (W, H);
     16: 
=>   17:     MoveBall();
     18: 
     19:     return 0;

--------------------------------------------------
Стек вызовов TX:

# 0 in bool {anonymous}::TX::txBitBlt(HDC, double, double, double, double, HDC, double, double, unsigned int) at C:\Users\zainu\Desktop\курс\TX\TXLib.h (13388):

  13386:     {
  13387: $1  if (_TX_HDC_FAILED (destImage))   return false;
=>13388: $   if (_TX_HDC_FAILED (sourceImage)) return false;
  13389: 
  13390: $   POINT size = txGetExtent (sourceImage);

# 1 in void MoveBall() at C:\Users\zainu\Desktop\курс\Game\Ozhaev Zaynudin Game.cpp (86):

     84:         txClear();
     85: 
=>   86:         txBitBlt (txDC(), 0, 50, 0, 0, Map2);
     87: 
     88:         txBitBlt (txDC(), 0, 50, 0, 0, Fon);

--------------------------------------------------
Developed with:

The Dumb Artist Library (TX Library)
TXLib [Ver: 00173a, Rev: 170, Date: 2021-03-20 16:46:48 +0400]
Copyright (C) Ded (Ilya Dedinsky, http://txlib.ru) <mail@txlib.ru>
See license on: http://txlib.ru

TXLib file:	C:\Users\zainu\Desktop\курс\TX\TXLib.h
Compiled:	Jun 27 2021 11:29:39, GNU g++ 4.8.1, std=201103L, MinGW Runtime 3.20, 32-bit, DEBUG
Started:	Jun 27 2021 11:29:43

Run file:	C:\Users\zainu\Desktop\курс\Game\Ozhaev Zaynudin Game.exe
Directory:	C:\Users\zainu\Desktop\курс\Game

--------------------------------------------------

--------------------------------------------------
TXLib сообщает:

Программа: C:\Users\zainu\Desktop\курс\Game\Ozhaev Zaynudin Game.exe, файл: C:\Users\zainu\Desktop\курс\TX\TXLib.h, строка: 13388, функция: bool {anonymous}::TX::txBitBlt(HDC, double, double, double, double, HDC, double, double, unsigned int),

Сообщение: Параметр "sourceImage" неверен. Возможно, этот холст не создан, или уже уничтожен, или не загрузилась картинка.

#8: TXLib [Ver: 00173a, Rev: 170, Date: 2021-03-20 16:46:48 +0400], Instance: 0x005072F4 (32-bit), Flags: CMdRe0, Thread: 0x56CC (Main), GetLastError(): 13 (Недопустимые данные). 

--------------------------------------------------
Стек вызовов:

# 0 0x00422B22 in C:\Users\zainu\Desktop\курс\Game\Ozhaev Zaynudin Game.exe: txBitBlt() at C:/Users/zainu/Desktop/курс/TX/TXLib.h (13388)

# 1 0x0042C7B3 in C:\Users\zainu\Desktop\курс\Game\Ozhaev Zaynudin Game.exe: MoveBall() at C:/Users/zainu/Desktop/курс/Game/Ozhaev Zaynudin Game.cpp (86):

     84:         txClear();
     85: 
=>   86:         txBitBlt (txDC(), 0, 50, 0, 0, Map2);
     87: 
     88:         txBitBlt (txDC(), 0, 50, 0, 0, Fon);

# 2 0x0042C01F in C:\Users\zainu\Desktop\курс\Game\Ozhaev Zaynudin Game.exe: main() at C:/Users/zainu/Desktop/курс/Game/Ozhaev Zaynudin Game.cpp (17):

     15:     txCreateWindow (W, H);
     16: 
=>   17:     MoveBall();
     18: 
     19:     return 0;

--------------------------------------------------
Стек вызовов TX:

# 0 in bool {anonymous}::TX::txBitBlt(HDC, double, double, double, double, HDC, double, double, unsigned int) at C:\Users\zainu\Desktop\курс\TX\TXLib.h (13388):

  13386:     {
  13387: $1  if (_TX_HDC_FAILED (destImage))   return false;
=>13388: $   if (_TX_HDC_FAILED (sourceImage)) return false;
  13389: 
  13390: $   POINT size = txGetExtent (sourceImage);

# 1 in void MoveBall() at C:\Users\zainu\Desktop\курс\Game\Ozhaev Zaynudin Game.cpp (86):

     84:         txClear();
     85: 
=>   86:         txBitBlt (txDC(), 0, 50, 0, 0, Map2);
     87: 
     88:         txBitBlt (txDC(), 0, 50, 0, 0, Fon);

--------------------------------------------------
Developed with:

The Dumb Artist Library (TX Library)
TXLib [Ver: 00173a, Rev: 170, Date: 2021-03-20 16:46:48 +0400]
Copyright (C) Ded (Ilya Dedinsky, http://txlib.ru) <mail@txlib.ru>
See license on: http://txlib.ru

TXLib file:	C:\Users\zainu\Desktop\курс\TX\TXLib.h
Compiled:	Jun 27 2021 11:29:39, GNU g++ 4.8.1, std=201103L, MinGW Runtime 3.20, 32-bit, DEBUG
Started:	Jun 27 2021 11:29:42

Run file:	C:\Users\zainu\Desktop\курс\Game\Ozhaev Zaynudin Game.exe
Directory:	C:\Users\zainu\Desktop\курс\Game

--------------------------------------------------

--------------------------------------------------
TXLib сообщает:

Программа: C:\Users\zainu\Desktop\курс\Game\Ozhaev Zaynudin Game.exe, файл: C:\Users\zainu\Desktop\курс\TX\TXLib.h, строка: 13388, функция: bool {anonymous}::TX::txBitBlt(HDC, double, double, double, double, HDC, double, double, unsigned int),

Сообщение: Параметр "sourceImage" неверен. Возможно, этот холст не создан, или уже уничтожен, или не загрузилась картинка.

#9: TXLib [Ver: 00173a, Rev: 170, Date: 2021-03-20 16:46:48 +0400], Instance: 0x005072F4 (32-bit), Flags: CMdRe0, Thread: 0x56CC (Main), GetLastError(): 13 (Недопустимые данные). 

--------------------------------------------------
Стек вызовов:

# 0 0x00422B22 in C:\Users\zainu\Desktop\курс\Game\Ozhaev Zaynudin Game.exe: txBitBlt() at C:/Users/zainu/Desktop/курс/TX/TXLib.h (13388)

# 1 0x0042C7B3 in C:\Users\zainu\Desktop\курс\Game\Ozhaev Zaynudin Game.exe: MoveBall() at C:/Users/zainu/Desktop/курс/Game/Ozhaev Zaynudin Game.cpp (86):

     84:         txClear();
     85: 
=>   86:         txBitBlt (txDC(), 0, 50, 0, 0, Map2);
     87: 
     88:         txBitBlt (txDC(), 0, 50, 0, 0, Fon);

# 2 0x0042C01F in C:\Users\zainu\Desktop\курс\Game\Ozhaev Zaynudin Game.exe: main() at C:/Users/zainu/Desktop/курс/Game/Ozhaev Zaynudin Game.cpp (17):

     15:     txCreateWindow (W, H);
     16: 
=>   17:     MoveBall();
     18: 
     19:     return 0;

--------------------------------------------------
Стек вызовов TX:

# 0 in bool {anonymous}::TX::txBitBlt(HDC, double, double, double, double, HDC, double, double, unsigned int) at C:\Users\zainu\Desktop\курс\TX\TXLib.h (13388):

  13386:     {
  13387: $1  if (_TX_HDC_FAILED (destImage))   return false;
=>13388: $   if (_TX_HDC_FAILED (sourceImage)) return false;
  13389: 
  13390: $   POINT size = txGetExtent (sourceImage);

# 1 in void MoveBall() at C:\Users\zainu\Desktop\курс\Game\Ozhaev Zaynudin Game.cpp (86):

     84:         txClear();
     85: 
=>   86:         txBitBlt (txDC(), 0, 50, 0, 0, Map2);
     87: 
     88:         txBitBlt (txDC(), 0, 50, 0, 0, Fon);

--------------------------------------------------
Developed with:

The Dumb Artist Library (TX Library)
TXLib [Ver: 00173a, Rev: 170, Date: 2021-03-20 16:46:48 +0400]
Copyright (C) Ded (Ilya Dedinsky, http://txlib.ru) <mail@txlib.ru>
See license on: http://txlib.ru

TXLib file:	C:\Users\zainu\Desktop\курс\TX\TXLib.h
Compiled:	Jun 27 2021 11:29:39, GNU g++ 4.8.1, std=201103L, MinGW Runtime 3.20, 32-bit, DEBUG
Started:	Jun 27 2021 11:29:43

Run file:	C:\Users\zainu\Desktop\курс\Game\Ozhaev Zaynudin Game.exe
Directory:	C:\Users\zainu\Desktop\курс\Game

--------------------------------------------------

--------------------------------------------------
TXLib сообщает:

Программа: C:\Users\zainu\Desktop\курс\Game\Ozhaev Zaynudin Game.exe, файл: C:\Users\zainu\Desktop\курс\TX\TXLib.h, строка: 13388, функция: bool {anonymous}::TX::txBitBlt(HDC, double, double, double, double, HDC, double, double, unsigned int),

Сообщение: Параметр "sourceImage" неверен. Возможно, этот холст не создан, или уже уничтожен, или не загрузилась картинка.

#10: TXLib [Ver: 00173a, Rev: 170, Date: 2021-03-20 16:46:48 +0400], Instance: 0x005072F4 (32-bit), Flags: CMdRe0, Thread: 0x56CC (Main), GetLastError(): 13 (Недопустимые данные). 

--------------------------------------------------
Стек вызовов:

# 0 0x00422B22 in C:\Users\zainu\Desktop\курс\Game\Ozhaev Zaynudin Game.exe: txBitBlt() at C:/Users/zainu/Desktop/курс/TX/TXLib.h (13388)

# 1 0x0042C7B3 in C:\Users\zainu\Desktop\курс\Game\Ozhaev Zaynudin Game.exe: MoveBall() at C:/Users/zainu/Desktop/курс/Game/Ozhaev Zaynudin Game.cpp (86):

     84:         txClear();
     85: 
=>   86:         txBitBlt (txDC(), 0, 50, 0, 0, Map2);
     87: 
     88:         txBitBlt (txDC(), 0, 50, 0, 0, Fon);

# 2 0x0042C01F in C:\Users\zainu\Desktop\курс\Game\Ozhaev Zaynudin Game.exe: main() at C:/Users/zainu/Desktop/курс/Game/Ozhaev Zaynudin Game.cpp (17):

     15:     txCreateWindow (W, H);
     16: 
=>   17:     MoveBall();
     18: 
     19:     return 0;

--------------------------------------------------
Стек вызовов TX:

# 0 in bool {anonymous}::TX::txBitBlt(HDC, double, double, double, double, HDC, double, double, unsigned int) at C:\Users\zainu\Desktop\курс\TX\TXLib.h (13388):

  13386:     {
  13387: $1  if (_TX_HDC_FAILED (destImage))   return false;
=>13388: $   if (_TX_HDC_FAILED (sourceImage)) return false;
  13389: 
  13390: $   POINT size = txGetExtent (sourceImage);

# 1 in void MoveBall() at C:\Users\zainu\Desktop\курс\Game\Ozhaev Zaynudin Game.cpp (86):

     84:         txClear();
     85: 
=>   86:         txBitBlt (txDC(), 0, 50, 0, 0, Map2);
     87: 
     88:         txBitBlt (txDC(), 0, 50, 0, 0, Fon);

--------------------------------------------------
Developed with:

The Dumb Artist Library (TX Library)
TXLib [Ver: 00173a, Rev: 170, Date: 2021-03-20 16:46:48 +0400]
Copyright (C) Ded (Ilya Dedinsky, http://txlib.ru) <mail@txlib.ru>
See license on: http://txlib.ru

TXLib file:	C:\Users\zainu\Desktop\курс\TX\TXLib.h
Compiled:	Jun 27 2021 11:29:39, GNU g++ 4.8.1, std=201103L, MinGW Runtime 3.20, 32-bit, DEBUG
Started:	Jun 27 2021 11:29:43

Run file:	C:\Users\zainu\Desktop\курс\Game\Ozhaev Zaynudin Game.exe
Directory:	C:\Users\zainu\Desktop\курс\Game

--------------------------------------------------

--------------------------------------------------
TXLib сообщает:

Программа: C:\Users\zainu\Desktop\курс\Game\Ozhaev Zaynudin Game.exe, файл: C:\Users\zainu\Desktop\курс\TX\TXLib.h, строка: 13388, функция: bool {anonymous}::TX::txBitBlt(HDC, double, double, double, double, HDC, double, double, unsigned int),

Сообщение: Параметр "sourceImage" неверен. Возможно, этот холст не создан, или уже уничтожен, или не загрузилась картинка.

#11: TXLib [Ver: 00173a, Rev: 170, Date: 2021-03-20 16:46:48 +0400], Instance: 0x005072F4 (32-bit), Flags: CMdRe0, Thread: 0x56CC (Main), GetLastError(): 13 (Недопустимые данные). 

--------------------------------------------------
Стек вызовов:

# 0 0x00422B22 in C:\Users\zainu\Desktop\курс\Game\Ozhaev Zaynudin Game.exe: txBitBlt() at C:/Users/zainu/Desktop/курс/TX/TXLib.h (13388)

# 1 0x0042C7B3 in C:\Users\zainu\Desktop\курс\Game\Ozhaev Zaynudin Game.exe: MoveBall() at C:/Users/zainu/Desktop/курс/Game/Ozhaev Zaynudin Game.cpp (86):

     84:         txClear();
     85: 
=>   86:         txBitBlt (txDC(), 0, 50, 0, 0, Map2);
     87: 
     88:         txBitBlt (txDC(), 0, 50, 0, 0, Fon);

# 2 0x0042C01F in C:\Users\zainu\Desktop\курс\Game\Ozhaev Zaynudin Game.exe: main() at C:/Users/zainu/Desktop/курс/Game/Ozhaev Zaynudin Game.cpp (17):

     15:     txCreateWindow (W, H);
     16: 
=>   17:     MoveBall();
     18: 
     19:     return 0;

--------------------------------------------------
Стек вызовов TX:

# 0 in bool {anonymous}::TX::txBitBlt(HDC, double, double, double, double, HDC, double, double, unsigned int) at C:\Users\zainu\Desktop\курс\TX\TXLib.h (13388):

  13386:     {
  13387: $1  if (_TX_HDC_FAILED (destImage))   return false;
=>13388: $   if (_TX_HDC_FAILED (sourceImage)) return false;
  13389: 
  13390: $   POINT size = txGetExtent (sourceImage);

# 1 in void MoveBall() at C:\Users\zainu\Desktop\курс\Game\Ozhaev Zaynudin Game.cpp (86):

     84:         txClear();
     85: 
=>   86:         txBitBlt (txDC(), 0, 50, 0, 0, Map2);
     87: 
     88:         txBitBlt (txDC(), 0, 50, 0, 0, Fon);

--------------------------------------------------
Developed with:

The Dumb Artist Library (TX Library)
TXLib [Ver: 00173a, Rev: 170, Date: 2021-03-20 16:46:48 +0400]
Copyright (C) Ded (Ilya Dedinsky, http://txlib.ru) <mail@txlib.ru>
See license on: http://txlib.ru

TXLib file:	C:\Users\zainu\Desktop\курс\TX\TXLib.h
Compiled:	Jun 27 2021 11:29:39, GNU g++ 4.8.1, std=201103L, MinGW Runtime 3.20, 32-bit, DEBUG
Started:	Jun 27 2021 11:29:43

Run file:	C:\Users\zainu\Desktop\курс\Game\Ozhaev Zaynudin Game.exe
Directory:	C:\Users\zainu\Desktop\курс\Game

--------------------------------------------------

--------------------------------------------------
TXLib сообщает:

Программа: C:\Users\zainu\Desktop\курс\Game\Ozhaev Zaynudin Game.exe, файл: C:\Users\zainu\Desktop\курс\TX\TXLib.h, строка: 13388, функция: bool {anonymous}::TX::txBitBlt(HDC, double, double, double, double, HDC, double, double, unsigned int),

Сообщение: Параметр "sourceImage" неверен. Возможно, этот холст не создан, или уже уничтожен, или не загрузилась картинка.

#1: TXLib [Ver: 00173a, Rev: 170, Date: 2021-03-20 16:46:48 +0400], Instance: 0x005072F4 (32-bit), Flags: CMdRe0, Thread: 0x1E0 (Main), GetLastError(): 13 (Недопустимые данные). 

--------------------------------------------------
Стек вызовов:

# 0 0x00422B22 in C:\Users\zainu\Desktop\курс\Game\Ozhaev Zaynudin Game.exe: txBitBlt() at C:/Users/zainu/Desktop/курс/TX/TXLib.h (13388)

# 1 0x0042C7B3 in C:\Users\zainu\Desktop\курс\Game\Ozhaev Zaynudin Game.exe: MoveBall() at C:/Users/zainu/Desktop/курс/Game/Ozhaev Zaynudin Game.cpp (86):

     84:         txClear();
     85: 
=>   86:         txBitBlt (txDC(), 0, 50, 0, 0, Map2);
     87: 
     88:         txBitBlt (txDC(), 0, 50, 0, 0, Fon);

# 2 0x0042C01F in C:\Users\zainu\Desktop\курс\Game\Ozhaev Zaynudin Game.exe: main() at C:/Users/zainu/Desktop/курс/Game/Ozhaev Zaynudin Game.cpp (17):

     15:     txCreateWindow (W, H);
     16: 
=>   17:     MoveBall();
     18: 
     19:     return 0;

--------------------------------------------------
Стек вызовов TX:

# 0 in bool {anonymous}::TX::txBitBlt(HDC, double, double, double, double, HDC, double, double, unsigned int) at C:\Users\zainu\Desktop\курс\TX\TXLib.h (13388):

  13386:     {
  13387: $1  if (_TX_HDC_FAILED (destImage))   return false;
=>13388: $   if (_TX_HDC_FAILED (sourceImage)) return false;
  13389: 
  13390: $   POINT size = txGetExtent (sourceImage);

# 1 in void MoveBall() at C:\Users\zainu\Desktop\курс\Game\Ozhaev Zaynudin Game.cpp (86):

     84:         txClear();
     85: 
=>   86:         txBitBlt (txDC(), 0, 50, 0, 0, Map2);
     87: 
     88:         txBitBlt (txDC(), 0, 50, 0, 0, Fon);

--------------------------------------------------
Developed with:

The Dumb Artist Library (TX Library)
TXLib [Ver: 00173a, Rev: 170, Date: 2021-03-20 16:46:48 +0400]
Copyright (C) Ded (Ilya Dedinsky, http://txlib.ru) <mail@txlib.ru>
See license on: http://txlib.ru

TXLib file:	C:\Users\zainu\Desktop\курс\TX\TXLib.h
Compiled:	Jun 27 2021 11:31:42, GNU g++ 4.8.1, std=201103L, MinGW Runtime 3.20, 32-bit, DEBUG
Started:	Jun 27 2021 11:31:46

Run file:	C:\Users\zainu\Desktop\курс\Game\Ozhaev Zaynudin Game.exe
Directory:	C:\Users\zainu\Desktop\курс\Game

--------------------------------------------------

--------------------------------------------------
TXLib сообщает:

Программа: C:\Users\zainu\Desktop\курс\Game\Ozhaev Zaynudin Game.exe, файл: C:\Users\zainu\Desktop\курс\TX\TXLib.h, строка: 13388, функция: bool {anonymous}::TX::txBitBlt(HDC, double, double, double, double, HDC, double, double, unsigned int),

Сообщение: Параметр "sourceImage" неверен. Возможно, этот холст не создан, или уже уничтожен, или не загрузилась картинка.

#1: TXLib [Ver: 00173a, Rev: 170, Date: 2021-03-20 16:46:48 +0400], Instance: 0x005072F4 (32-bit), Flags: CMdRe0, Thread: 0x3558 (Main), GetLastError(): 13 (Недопустимые данные). 

--------------------------------------------------
Стек вызовов:

# 0 0x00422B22 in C:\Users\zainu\Desktop\курс\Game\Ozhaev Zaynudin Game.exe: txBitBlt() at C:/Users/zainu/Desktop/курс/TX/TXLib.h (13388)

# 1 0x0042C7B3 in C:\Users\zainu\Desktop\курс\Game\Ozhaev Zaynudin Game.exe: MoveBall() at C:/Users/zainu/Desktop/курс/Game/Ozhaev Zaynudin Game.cpp (87):

     85:         txClear();
     86: 
=>   87:         txBitBlt (txDC(), 0, 50, 0, 0, Map2);
     88: 
     89:         //txBitBlt (txDC(), 0, 50, 0, 0, Fon);

# 2 0x0042C01F in C:\Users\zainu\Desktop\курс\Game\Ozhaev Zaynudin Game.exe: main() at C:/Users/zainu/Desktop/курс/Game/Ozhaev Zaynudin Game.cpp (17):

     15:     txCreateWindow (W, H);
     16: 
=>   17:     MoveBall();
     18: 
     19:     return 0;

--------------------------------------------------
Стек вызовов TX:

# 0 in bool {anonymous}::TX::txBitBlt(HDC, double, double, double, double, HDC, double, double, unsigned int) at C:\Users\zainu\Desktop\курс\TX\TXLib.h (13388):

  13386:     {
  13387: $1  if (_TX_HDC_FAILED (destImage))   return false;
=>13388: $   if (_TX_HDC_FAILED (sourceImage)) return false;
  13389: 
  13390: $   POINT size = txGetExtent (sourceImage);

# 1 in void MoveBall() at C:\Users\zainu\Desktop\курс\Game\Ozhaev Zaynudin Game.cpp (87):

     85:         txClear();
     86: 
=>   87:         txBitBlt (txDC(), 0, 50, 0, 0, Map2);
     88: 
     89:         //txBitBlt (txDC(), 0, 50, 0, 0, Fon);

--------------------------------------------------
Developed with:

The Dumb Artist Library (TX Library)
TXLib [Ver: 00173a, Rev: 170, Date: 2021-03-20 16:46:48 +0400]
Copyright (C) Ded (Ilya Dedinsky, http://txlib.ru) <mail@txlib.ru>
See license on: http://txlib.ru

TXLib file:	C:\Users\zainu\Desktop\курс\TX\TXLib.h
Compiled:	Jun 27 2021 11:33:20, GNU g++ 4.8.1, std=201103L, MinGW Runtime 3.20, 32-bit, DEBUG
Started:	Jun 27 2021 11:33:24

Run file:	C:\Users\zainu\Desktop\курс\Game\Ozhaev Zaynudin Game.exe
Directory:	C:\Users\zainu\Desktop\курс\Game

--------------------------------------------------

--------------------------------------------------
TXLib сообщает:

Программа: C:\Users\zainu\Desktop\курс\Game\Ozhaev Zaynudin Game.exe, файл: C:\Users\zainu\Desktop\курс\TX\TXLib.h, строка: 13388, функция: bool {anonymous}::TX::txBitBlt(HDC, double, double, double, double, HDC, double, double, unsigned int),

Сообщение: Параметр "sourceImage" неверен. Возможно, этот холст не создан, или уже уничтожен, или не загрузилась картинка.

#1: TXLib [Ver: 00173a, Rev: 170, Date: 2021-03-20 16:46:48 +0400], Instance: 0x005072F4 (32-bit), Flags: CMdRe0, Thread: 0x2B84 (Main), GetLastError(): 13 (Недопустимые данные). 

--------------------------------------------------
Стек вызовов:

# 0 0x00422B22 in C:\Users\zainu\Desktop\курс\Game\Ozhaev Zaynudin Game.exe: txBitBlt() at C:/Users/zainu/Desktop/курс/TX/TXLib.h (13388)

# 1 0x0042C7B3 in C:\Users\zainu\Desktop\курс\Game\Ozhaev Zaynudin Game.exe: MoveBall() at C:/Users/zainu/Desktop/курс/Game/Ozhaev Zaynudin Game.cpp (87):

     85:         txClear();
     86: 
=>   87:         txBitBlt (txDC(), 0, 50, 0, 0, Map2);
     88: 
     89:         txBitBlt (txDC(), 0, 50, 0, 0, Fon);

# 2 0x0042C01F in C:\Users\zainu\Desktop\курс\Game\Ozhaev Zaynudin Game.exe: main() at C:/Users/zainu/Desktop/курс/Game/Ozhaev Zaynudin Game.cpp (17):

     15:     txCreateWindow (W, H);
     16: 
=>   17:     MoveBall();
     18: 
     19:     return 0;

--------------------------------------------------
Стек вызовов TX:

# 0 in bool {anonymous}::TX::txBitBlt(HDC, double, double, double, double, HDC, double, double, unsigned int) at C:\Users\zainu\Desktop\курс\TX\TXLib.h (13388):

  13386:     {
  13387: $1  if (_TX_HDC_FAILED (destImage))   return false;
=>13388: $   if (_TX_HDC_FAILED (sourceImage)) return false;
  13389: 
  13390: $   POINT size = txGetExtent (sourceImage);

# 1 in void MoveBall() at C:\Users\zainu\Desktop\курс\Game\Ozhaev Zaynudin Game.cpp (87):

     85:         txClear();
     86: 
=>   87:         txBitBlt (txDC(), 0, 50, 0, 0, Map2);
     88: 
     89:         txBitBlt (txDC(), 0, 50, 0, 0, Fon);

--------------------------------------------------
Developed with:

The Dumb Artist Library (TX Library)
TXLib [Ver: 00173a, Rev: 170, Date: 2021-03-20 16:46:48 +0400]
Copyright (C) Ded (Ilya Dedinsky, http://txlib.ru) <mail@txlib.ru>
See license on: http://txlib.ru

TXLib file:	C:\Users\zainu\Desktop\курс\TX\TXLib.h
Compiled:	Jun 27 2021 11:35:03, GNU g++ 4.8.1, std=201103L, MinGW Runtime 3.20, 32-bit, DEBUG
Started:	Jun 27 2021 11:35:07

Run file:	C:\Users\zainu\Desktop\курс\Game\Ozhaev Zaynudin Game.exe
Directory:	C:\Users\zainu\Desktop\курс\Game

--------------------------------------------------

--------------------------------------------------
TXLib сообщает:

Программа: C:\Users\zainu\Desktop\курс\Game\Ozhaev Zaynudin Game.exe, файл: C:\Users\zainu\Desktop\курс\TX\TXLib.h, строка: 13388, функция: bool {anonymous}::TX::txBitBlt(HDC, double, double, double, double, HDC, double, double, unsigned int),

Сообщение: Параметр "sourceImage" неверен. Возможно, этот холст не создан, или уже уничтожен, или не загрузилась картинка.

#2: TXLib [Ver: 00173a, Rev: 170, Date: 2021-03-20 16:46:48 +0400], Instance: 0x005072F4 (32-bit), Flags: CMdRE0, Thread: 0x2B84 (Main), GetLastError(): 13 (Недопустимые данные). 

--------------------------------------------------
Стек вызовов:

# 0 0x00422B22 in C:\Users\zainu\Desktop\курс\Game\Ozhaev Zaynudin Game.exe: txBitBlt() at C:/Users/zainu/Desktop/курс/TX/TXLib.h (13388)

# 1 0x0042C7B3 in C:\Users\zainu\Desktop\курс\Game\Ozhaev Zaynudin Game.exe: MoveBall() at C:/Users/zainu/Desktop/курс/Game/Ozhaev Zaynudin Game.cpp (87):

     85:         txClear();
     86: 
=>   87:         txBitBlt (txDC(), 0, 50, 0, 0, Map2);
     88: 
     89:         txBitBlt (txDC(), 0, 50, 0, 0, Fon);

# 2 0x0042C01F in C:\Users\zainu\Desktop\курс\Game\Ozhaev Zaynudin Game.exe: main() at C:/Users/zainu/Desktop/курс/Game/Ozhaev Zaynudin Game.cpp (17):

     15:     txCreateWindow (W, H);
     16: 
=>   17:     MoveBall();
     18: 
     19:     return 0;

--------------------------------------------------
Стек вызовов TX:

# 0 in bool {anonymous}::TX::txBitBlt(HDC, double, double, double, double, HDC, double, double, unsigned int) at C:\Users\zainu\Desktop\курс\TX\TXLib.h (13388):

  13386:     {
  13387: $1  if (_TX_HDC_FAILED (destImage))   return false;
=>13388: $   if (_TX_HDC_FAILED (sourceImage)) return false;
  13389: 
  13390: $   POINT size = txGetExtent (sourceImage);

# 1 in void MoveBall() at C:\Users\zainu\Desktop\курс\Game\Ozhaev Zaynudin Game.cpp (87):

     85:         txClear();
     86: 
=>   87:         txBitBlt (txDC(), 0, 50, 0, 0, Map2);
     88: 
     89:         txBitBlt (txDC(), 0, 50, 0, 0, Fon);

--------------------------------------------------
Developed with:

The Dumb Artist Library (TX Library)
TXLib [Ver: 00173a, Rev: 170, Date: 2021-03-20 16:46:48 +0400]
Copyright (C) Ded (Ilya Dedinsky, http://txlib.ru) <mail@txlib.ru>
See license on: http://txlib.ru

TXLib file:	C:\Users\zainu\Desktop\курс\TX\TXLib.h
Compiled:	Jun 27 2021 11:35:03, GNU g++ 4.8.1, std=201103L, MinGW Runtime 3.20, 32-bit, DEBUG
Started:	Jun 27 2021 11:35:07

Run file:	C:\Users\zainu\Desktop\курс\Game\Ozhaev Zaynudin Game.exe
Directory:	C:\Users\zainu\Desktop\курс\Game

--------------------------------------------------

--------------------------------------------------
TXLib сообщает:

Программа: C:\Users\zainu\Desktop\курс\Game\Ozhaev Zaynudin Game.exe, файл: C:\Users\zainu\Desktop\курс\TX\TXLib.h, строка: 13388, функция: bool {anonymous}::TX::txBitBlt(HDC, double, double, double, double, HDC, double, double, unsigned int),

Сообщение: Параметр "sourceImage" неверен. Возможно, этот холст не создан, или уже уничтожен, или не загрузилась картинка.

#1: TXLib [Ver: 00173a, Rev: 170, Date: 2021-03-20 16:46:48 +0400], Instance: 0x005072F4 (32-bit), Flags: CMdRe0, Thread: 0x3E08 (Main), GetLastError(): 13 (Недопустимые данные). 

--------------------------------------------------
Стек вызовов:

# 0 0x00422B22 in C:\Users\zainu\Desktop\курс\Game\Ozhaev Zaynudin Game.exe: txBitBlt() at C:/Users/zainu/Desktop/курс/TX/TXLib.h (13388)

# 1 0x0042C7B3 in C:\Users\zainu\Desktop\курс\Game\Ozhaev Zaynudin Game.exe: MoveBall() at C:/Users/zainu/Desktop/курс/Game/Ozhaev Zaynudin Game.cpp (87):

     85:         txClear();
     86: 
=>   87:         txBitBlt (txDC(), 0, 50, 0, 0, Map2);
     88: 
     89:         txBitBlt (txDC(), 0, 50, 0, 0, Fon);

# 2 0x0042C01F in C:\Users\zainu\Desktop\курс\Game\Ozhaev Zaynudin Game.exe: main() at C:/Users/zainu/Desktop/курс/Game/Ozhaev Zaynudin Game.cpp (17):

     15:     txCreateWindow (W, H);
     16: 
=>   17:     MoveBall();
     18: 
     19:     return 0;

--------------------------------------------------
Стек вызовов TX:

# 0 in bool {anonymous}::TX::txBitBlt(HDC, double, double, double, double, HDC, double, double, unsigned int) at C:\Users\zainu\Desktop\курс\TX\TXLib.h (13388):

  13386:     {
  13387: $1  if (_TX_HDC_FAILED (destImage))   return false;
=>13388: $   if (_TX_HDC_FAILED (sourceImage)) return false;
  13389: 
  13390: $   POINT size = txGetExtent (sourceImage);

# 1 in void MoveBall() at C:\Users\zainu\Desktop\курс\Game\Ozhaev Zaynudin Game.cpp (87):

     85:         txClear();
     86: 
=>   87:         txBitBlt (txDC(), 0, 50, 0, 0, Map2);
     88: 
     89:         txBitBlt (txDC(), 0, 50, 0, 0, Fon);

--------------------------------------------------
Developed with:

The Dumb Artist Library (TX Library)
TXLib [Ver: 00173a, Rev: 170, Date: 2021-03-20 16:46:48 +0400]
Copyright (C) Ded (Ilya Dedinsky, http://txlib.ru) <mail@txlib.ru>
See license on: http://txlib.ru

TXLib file:	C:\Users\zainu\Desktop\курс\TX\TXLib.h
Compiled:	Jun 27 2021 11:36:55, GNU g++ 4.8.1, std=201103L, MinGW Runtime 3.20, 32-bit, DEBUG
Started:	Jun 27 2021 11:36:59

Run file:	C:\Users\zainu\Desktop\курс\Game\Ozhaev Zaynudin Game.exe
Directory:	C:\Users\zainu\Desktop\курс\Game

--------------------------------------------------
